

Version:	3.50
CmdLine:	C:\Users\warre\OneDrive\Desktop\A_Star\Poomarin_Warin_A_Star\AStar.exe --l4j-debug
JNI:		No
WOW64:		Yes
Working dir:	C:\Users\warre\OneDrive\Desktop\A_Star\Poomarin_Warin_A_Star\.
Requires JDK:	Yes
Requires 64-Bit: Yes
Java min ver:	
Java max ver:	
JRE paths:	jre-1.8
Check launcher:	C:\Users\warre\OneDrive\Desktop\A_Star\Poomarin_Warin_A_Star\jre-1.8\bin\javaw.exe (OK)
Check javac:	C:\Users\warre\OneDrive\Desktop\A_Star\Poomarin_Warin_A_Star\jre-1.8\bin\javac.exe (not found)
Error msg:	This application requires a Java Runtime Environment.


Version:	3.50
CmdLine:	C:\Users\warre\OneDrive\Desktop\A_Star\Poomarin_Warin_A_Star\AStar.exe --l4j-debug
JNI:		No
WOW64:		Yes
Working dir:	C:\Users\warre\OneDrive\Desktop\A_Star\Poomarin_Warin_A_Star\.
Requires JDK:	Yes
Requires 64-Bit: Yes
Java min ver:	
Java max ver:	
JRE paths:	jre-1.8
Check launcher:	C:\Users\warre\OneDrive\Desktop\A_Star\Poomarin_Warin_A_Star\jre-1.8\bin\javaw.exe (OK)
Check javac:	C:\Users\warre\OneDrive\Desktop\A_Star\Poomarin_Warin_A_Star\jre-1.8\bin\javac.exe (not found)
Error msg:	This application requires a Java Runtime Environment.
